This file contains any messages produced by compilers while
running configure, to aid debugging if configure makes a mistake.

It was created by AeoLiS configure 0.1, which was
generated by GNU Autoconf 2.69.  Invocation command line was

  $ ./configure 

## --------- ##
## Platform. ##
## --------- ##

hostname = Bass-MacBook-Pro-3.local
uname -m = x86_64
uname -r = 12.5.0
uname -s = Darwin
uname -v = Darwin Kernel Version 12.5.0: Sun Sep 29 13:33:47 PDT 2013; root:xnu-2050.48.12~1/RELEASE_X86_64

/usr/bin/uname -p = i386
/bin/uname -X     = unknown

/bin/arch              = unknown
/usr/bin/arch -k       = unknown
/usr/convex/getsysinfo = unknown
/usr/bin/hostinfo      = Mach kernel version:
	 Darwin Kernel Version 12.5.0: Sun Sep 29 13:33:47 PDT 2013; root:xnu-2050.48.12~1/RELEASE_X86_64
Kernel configured for up to 4 processors.
2 processors are physically available.
4 processors are logically available.
Processor type: i486 (Intel 80486)
Processors active: 0 1 2 3
Primary memory available: 8.00 gigabytes
Default processor set: 100 tasks, 503 threads, 4 processors
Load average: 0.69, Mach factor: 3.30
/bin/machine           = unknown
/usr/bin/oslevel       = unknown
/bin/universe          = unknown

PATH: /opt/local/bin
PATH: /opt/local/sbin
PATH: /opt/local/Library/Frameworks/Python.framework/Versions/2.7/bin
PATH: /usr/bin
PATH: /bin
PATH: /usr/sbin
PATH: /sbin
PATH: /usr/local/bin
PATH: /usr/texbin


## ----------- ##
## Core tests. ##
## ----------- ##

configure:1812: checking for a BSD-compatible install
configure:1880: result: /opt/local/bin/ginstall -c
configure:1891: checking whether build environment is sane
configure:1946: result: yes
configure:2097: checking for a thread-safe mkdir -p
configure:2136: result: /opt/local/bin/gmkdir -p
configure:2143: checking for gawk
configure:2173: result: no
configure:2143: checking for mawk
configure:2173: result: no
configure:2143: checking for nawk
configure:2173: result: no
configure:2143: checking for awk
configure:2159: found /usr/bin/awk
configure:2170: result: awk
configure:2181: checking whether make sets $(MAKE)
configure:2203: result: yes
configure:2232: checking whether make supports nested variables
configure:2249: result: yes
configure:2435: checking for gfortran
configure:2451: found /usr/local/bin/gfortran
configure:2462: result: gfortran
configure:2488: checking for Fortran compiler version
configure:2497: gfortran --version >&5
GNU Fortran (GCC) 4.8.1
Copyright (C) 2013 Free Software Foundation, Inc.

GNU Fortran comes with NO WARRANTY, to the extent permitted by law.
You may redistribute copies of GNU Fortran
under the terms of the GNU General Public License.
For more information about these matters, see the file named COPYING

configure:2508: $? = 0
configure:2497: gfortran -v >&5
Using built-in specs.
COLLECT_GCC=gfortran
COLLECT_LTO_WRAPPER=/usr/local/libexec/gcc/x86_64-apple-darwin12.4.0/4.8.1/lto-wrapper
Target: x86_64-apple-darwin12.4.0
Configured with: ../gcc-4.8.1/configure --enable-languages=fortran,c++
Thread model: posix
gcc version 4.8.1 (GCC) 
configure:2508: $? = 0
configure:2497: gfortran -V >&5
gfortran: error: unrecognized command line option '-V'
gfortran: fatal error: no input files
compilation terminated.
configure:2508: $? = 1
configure:2497: gfortran -qversion >&5
gfortran: error: unrecognized command line option '-qversion'
gfortran: fatal error: no input files
compilation terminated.
configure:2508: $? = 1
configure:2523: checking whether the Fortran compiler works
configure:2545: gfortran    conftest.f  >&5
configure:2549: $? = 0
configure:2597: result: yes
configure:2600: checking for Fortran compiler default output file name
configure:2602: result: a.out
configure:2608: checking for suffix of executables
configure:2615: gfortran -o conftest    conftest.f  >&5
configure:2619: $? = 0
configure:2641: result: 
configure:2657: checking whether we are cross compiling
configure:2665: gfortran -o conftest    conftest.f  >&5
configure:2669: $? = 0
configure:2676: ./conftest
configure:2680: $? = 0
configure:2695: result: no
configure:2700: checking for suffix of object files
configure:2716: gfortran -c   conftest.f >&5
configure:2720: $? = 0
configure:2741: result: o
configure:2749: checking whether we are using the GNU Fortran compiler
configure:2762: gfortran -c   conftest.F >&5
configure:2762: $? = 0
configure:2771: result: yes
configure:2777: checking whether gfortran accepts -g
configure:2788: gfortran -c -g  conftest.f >&5
configure:2788: $? = 0
configure:2796: result: yes
configure:2976: checking that generated files are newer than configure
configure:2982: result: done
configure:2997: creating ./config.status

## ---------------------- ##
## Running config.status. ##
## ---------------------- ##

This file was extended by AeoLiS config.status 0.1, which was
generated by GNU Autoconf 2.69.  Invocation command line was

  CONFIG_FILES    = 
  CONFIG_HEADERS  = 
  CONFIG_LINKS    = 
  CONFIG_COMMANDS = 
  $ ./config.status 

on Bass-MacBook-Pro-3.local

config.status:751: creating Makefile
config.status:751: creating src/Makefile

## ---------------- ##
## Cache variables. ##
## ---------------- ##

ac_cv_env_FCFLAGS_set=
ac_cv_env_FCFLAGS_value=
ac_cv_env_FC_set=
ac_cv_env_FC_value=
ac_cv_env_LDFLAGS_set=
ac_cv_env_LDFLAGS_value=
ac_cv_env_LIBS_set=
ac_cv_env_LIBS_value=
ac_cv_env_build_alias_set=
ac_cv_env_build_alias_value=
ac_cv_env_host_alias_set=
ac_cv_env_host_alias_value=
ac_cv_env_target_alias_set=
ac_cv_env_target_alias_value=
ac_cv_fc_compiler_gnu=yes
ac_cv_objext=o
ac_cv_path_install='/opt/local/bin/ginstall -c'
ac_cv_path_mkdir=/opt/local/bin/gmkdir
ac_cv_prog_AWK=awk
ac_cv_prog_ac_ct_FC=gfortran
ac_cv_prog_fc_g=yes
ac_cv_prog_make_make_set=yes
am_cv_make_support_nested_variables=yes

## ----------------- ##
## Output variables. ##
## ----------------- ##

ACLOCAL='${SHELL} /Users/hoonhout/Checkouts/OpenEarthTools/trunk/fortran/AeoLiS/missing aclocal-1.14'
AMTAR='$${TAR-tar}'
AM_BACKSLASH='\'
AM_DEFAULT_V='$(AM_DEFAULT_VERBOSITY)'
AM_DEFAULT_VERBOSITY='1'
AM_V='$(V)'
AUTOCONF='${SHELL} /Users/hoonhout/Checkouts/OpenEarthTools/trunk/fortran/AeoLiS/missing autoconf'
AUTOHEADER='${SHELL} /Users/hoonhout/Checkouts/OpenEarthTools/trunk/fortran/AeoLiS/missing autoheader'
AUTOMAKE='${SHELL} /Users/hoonhout/Checkouts/OpenEarthTools/trunk/fortran/AeoLiS/missing automake-1.14'
AWK='awk'
CYGPATH_W='echo'
DEFS='-DPACKAGE_NAME=\"AeoLiS\" -DPACKAGE_TARNAME=\"aeolis\" -DPACKAGE_VERSION=\"0.1\" -DPACKAGE_STRING=\"AeoLiS\ 0.1\" -DPACKAGE_BUGREPORT=\"b.m.hoonhout@tudelft.nl\" -DPACKAGE_URL=\"\" -DPACKAGE=\"aeolis\" -DVERSION=\"0.1\"'
ECHO_C='\c'
ECHO_N=''
ECHO_T=''
EXEEXT=''
FC='gfortran'
FCFLAGS='-g -O2'
INSTALL_DATA='${INSTALL} -m 644'
INSTALL_PROGRAM='${INSTALL}'
INSTALL_SCRIPT='${INSTALL}'
INSTALL_STRIP_PROGRAM='$(install_sh) -c -s'
LDFLAGS=''
LIBOBJS=''
LIBS=''
LTLIBOBJS=''
MAKEINFO='${SHELL} /Users/hoonhout/Checkouts/OpenEarthTools/trunk/fortran/AeoLiS/missing makeinfo'
MKDIR_P='/opt/local/bin/gmkdir -p'
OBJEXT='o'
PACKAGE='aeolis'
PACKAGE_BUGREPORT='b.m.hoonhout@tudelft.nl'
PACKAGE_NAME='AeoLiS'
PACKAGE_STRING='AeoLiS 0.1'
PACKAGE_TARNAME='aeolis'
PACKAGE_URL=''
PACKAGE_VERSION='0.1'
PATH_SEPARATOR=':'
SET_MAKE=''
SHELL='/bin/sh'
STRIP=''
VERSION='0.1'
ac_ct_FC='gfortran'
am__EXEEXT_FALSE=''
am__EXEEXT_TRUE='#'
am__isrc=''
am__leading_dot='.'
am__tar='$${TAR-tar} chof - "$$tardir"'
am__untar='$${TAR-tar} xf -'
bindir='${exec_prefix}/bin'
build_alias=''
datadir='${datarootdir}'
datarootdir='${prefix}/share'
docdir='${datarootdir}/doc/${PACKAGE_TARNAME}'
dvidir='${docdir}'
exec_prefix='${prefix}'
host_alias=''
htmldir='${docdir}'
includedir='${prefix}/include'
infodir='${datarootdir}/info'
install_sh='${SHELL} /Users/hoonhout/Checkouts/OpenEarthTools/trunk/fortran/AeoLiS/install-sh'
libdir='${exec_prefix}/lib'
libexecdir='${exec_prefix}/libexec'
localedir='${datarootdir}/locale'
localstatedir='${prefix}/var'
mandir='${datarootdir}/man'
mkdir_p='$(MKDIR_P)'
oldincludedir='/usr/include'
pdfdir='${docdir}'
prefix='/usr/local'
program_transform_name='s,x,x,'
psdir='${docdir}'
sbindir='${exec_prefix}/sbin'
sharedstatedir='${prefix}/com'
sysconfdir='${prefix}/etc'
target_alias=''

## ----------- ##
## confdefs.h. ##
## ----------- ##

/* confdefs.h */
#define PACKAGE_NAME "AeoLiS"
#define PACKAGE_TARNAME "aeolis"
#define PACKAGE_VERSION "0.1"
#define PACKAGE_STRING "AeoLiS 0.1"
#define PACKAGE_BUGREPORT "b.m.hoonhout@tudelft.nl"
#define PACKAGE_URL ""
#define PACKAGE "aeolis"
#define VERSION "0.1"

configure: exit 0

## ---------------------- ##
## Running config.status. ##
## ---------------------- ##

This file was extended by AeoLiS config.status 0.1, which was
generated by GNU Autoconf 2.69.  Invocation command line was

  CONFIG_FILES    = 
  CONFIG_HEADERS  = 
  CONFIG_LINKS    = 
  CONFIG_COMMANDS = 
  $ ./config.status src/Makefile

on Bass-MacBook-Pro-3.local

config.status:751: creating src/Makefile

## ---------------------- ##
## Running config.status. ##
## ---------------------- ##

This file was extended by AeoLiS config.status 0.1, which was
generated by GNU Autoconf 2.69.  Invocation command line was

  CONFIG_FILES    = 
  CONFIG_HEADERS  = 
  CONFIG_LINKS    = 
  CONFIG_COMMANDS = 
  $ ./config.status Makefile

on Bass-MacBook-Pro-3.local

config.status:751: creating Makefile

## ---------------------- ##
## Running config.status. ##
## ---------------------- ##

This file was extended by AeoLiS config.status 0.1, which was
generated by GNU Autoconf 2.69.  Invocation command line was

  CONFIG_FILES    = 
  CONFIG_HEADERS  = 
  CONFIG_LINKS    = 
  CONFIG_COMMANDS = 
  $ ./config.status src/Makefile

on Bass-MacBook-Pro-3.local

config.status:751: creating src/Makefile

## ---------------------- ##
## Running config.status. ##
## ---------------------- ##

This file was extended by AeoLiS config.status 0.1, which was
generated by GNU Autoconf 2.69.  Invocation command line was

  CONFIG_FILES    = 
  CONFIG_HEADERS  = 
  CONFIG_LINKS    = 
  CONFIG_COMMANDS = 
  $ ./config.status Makefile

on Bass-MacBook-Pro-3.local

config.status:751: creating Makefile

## ---------------------- ##
## Running config.status. ##
## ---------------------- ##

This file was extended by AeoLiS config.status 0.1, which was
generated by GNU Autoconf 2.69.  Invocation command line was

  CONFIG_FILES    = 
  CONFIG_HEADERS  = 
  CONFIG_LINKS    = 
  CONFIG_COMMANDS = 
  $ ./config.status src/Makefile

on Bass-MacBook-Pro-3.local

config.status:751: creating src/Makefile

## ---------------------- ##
## Running config.status. ##
## ---------------------- ##

This file was extended by AeoLiS config.status 0.1, which was
generated by GNU Autoconf 2.69.  Invocation command line was

  CONFIG_FILES    = 
  CONFIG_HEADERS  = 
  CONFIG_LINKS    = 
  CONFIG_COMMANDS = 
  $ ./config.status src/Makefile

on Bass-MacBook-Pro-3.local

config.status:751: creating src/Makefile

## ---------------------- ##
## Running config.status. ##
## ---------------------- ##

This file was extended by AeoLiS config.status 0.1, which was
generated by GNU Autoconf 2.69.  Invocation command line was

  CONFIG_FILES    = 
  CONFIG_HEADERS  = 
  CONFIG_LINKS    = 
  CONFIG_COMMANDS = 
  $ ./config.status Makefile

on Bass-MacBook-Pro-3.local

config.status:751: creating Makefile

## ---------------------- ##
## Running config.status. ##
## ---------------------- ##

This file was extended by AeoLiS config.status 0.1, which was
generated by GNU Autoconf 2.69.  Invocation command line was

  CONFIG_FILES    = 
  CONFIG_HEADERS  = 
  CONFIG_LINKS    = 
  CONFIG_COMMANDS = 
  $ ./config.status src/Makefile

on Bass-MacBook-Pro-3.local

config.status:751: creating src/Makefile

## ---------------------- ##
## Running config.status. ##
## ---------------------- ##

This file was extended by AeoLiS config.status 0.1, which was
generated by GNU Autoconf 2.69.  Invocation command line was

  CONFIG_FILES    = 
  CONFIG_HEADERS  = 
  CONFIG_LINKS    = 
  CONFIG_COMMANDS = 
  $ ./config.status src/Makefile

on Bass-MacBook-Pro-3.local

config.status:751: creating src/Makefile

## ---------------------- ##
## Running config.status. ##
## ---------------------- ##

This file was extended by AeoLiS config.status 0.1, which was
generated by GNU Autoconf 2.69.  Invocation command line was

  CONFIG_FILES    = 
  CONFIG_HEADERS  = 
  CONFIG_LINKS    = 
  CONFIG_COMMANDS = 
  $ ./config.status Makefile

on Bass-MacBook-Pro-3.local

config.status:751: creating Makefile

## ---------------------- ##
## Running config.status. ##
## ---------------------- ##

This file was extended by AeoLiS config.status 0.1, which was
generated by GNU Autoconf 2.69.  Invocation command line was

  CONFIG_FILES    = 
  CONFIG_HEADERS  = 
  CONFIG_LINKS    = 
  CONFIG_COMMANDS = 
  $ ./config.status src/Makefile

on Bass-MacBook-Pro-3.local

config.status:751: creating src/Makefile

## ---------------------- ##
## Running config.status. ##
## ---------------------- ##

This file was extended by AeoLiS config.status 0.1, which was
generated by GNU Autoconf 2.69.  Invocation command line was

  CONFIG_FILES    = 
  CONFIG_HEADERS  = 
  CONFIG_LINKS    = 
  CONFIG_COMMANDS = 
  $ ./config.status Makefile

on Bass-MacBook-Pro-3.local

config.status:751: creating Makefile

## ---------------------- ##
## Running config.status. ##
## ---------------------- ##

This file was extended by AeoLiS config.status 0.1, which was
generated by GNU Autoconf 2.69.  Invocation command line was

  CONFIG_FILES    = 
  CONFIG_HEADERS  = 
  CONFIG_LINKS    = 
  CONFIG_COMMANDS = 
  $ ./config.status src/Makefile

on Bass-MacBook-Pro-3.local

config.status:751: creating src/Makefile

## ---------------------- ##
## Running config.status. ##
## ---------------------- ##

This file was extended by AeoLiS config.status 0.1, which was
generated by GNU Autoconf 2.69.  Invocation command line was

  CONFIG_FILES    = 
  CONFIG_HEADERS  = 
  CONFIG_LINKS    = 
  CONFIG_COMMANDS = 
  $ ./config.status src/Makefile

on Bass-MacBook-Pro-3.local

config.status:751: creating src/Makefile

## ---------------------- ##
## Running config.status. ##
## ---------------------- ##

This file was extended by AeoLiS config.status 0.1, which was
generated by GNU Autoconf 2.69.  Invocation command line was

  CONFIG_FILES    = 
  CONFIG_HEADERS  = 
  CONFIG_LINKS    = 
  CONFIG_COMMANDS = 
  $ ./config.status Makefile

on Bass-MacBook-Pro-3.local

config.status:751: creating Makefile

## ---------------------- ##
## Running config.status. ##
## ---------------------- ##

This file was extended by AeoLiS config.status 0.1, which was
generated by GNU Autoconf 2.69.  Invocation command line was

  CONFIG_FILES    = 
  CONFIG_HEADERS  = 
  CONFIG_LINKS    = 
  CONFIG_COMMANDS = 
  $ ./config.status src/Makefile

on Bass-MacBook-Pro-3.local

config.status:751: creating src/Makefile

## ---------------------- ##
## Running config.status. ##
## ---------------------- ##

This file was extended by AeoLiS config.status 0.1, which was
generated by GNU Autoconf 2.69.  Invocation command line was

  CONFIG_FILES    = 
  CONFIG_HEADERS  = 
  CONFIG_LINKS    = 
  CONFIG_COMMANDS = 
  $ ./config.status src/Makefile

on Bass-MacBook-Pro-3.local

config.status:751: creating src/Makefile

## ---------------------- ##
## Running config.status. ##
## ---------------------- ##

This file was extended by AeoLiS config.status 0.1, which was
generated by GNU Autoconf 2.69.  Invocation command line was

  CONFIG_FILES    = 
  CONFIG_HEADERS  = 
  CONFIG_LINKS    = 
  CONFIG_COMMANDS = 
  $ ./config.status Makefile

on Bass-MacBook-Pro-3.local

config.status:751: creating Makefile

## ---------------------- ##
## Running config.status. ##
## ---------------------- ##

This file was extended by AeoLiS config.status 0.1, which was
generated by GNU Autoconf 2.69.  Invocation command line was

  CONFIG_FILES    = 
  CONFIG_HEADERS  = 
  CONFIG_LINKS    = 
  CONFIG_COMMANDS = 
  $ ./config.status src/Makefile

on Bass-MacBook-Pro-3.local

config.status:751: creating src/Makefile

## ---------------------- ##
## Running config.status. ##
## ---------------------- ##

This file was extended by AeoLiS config.status 0.1, which was
generated by GNU Autoconf 2.69.  Invocation command line was

  CONFIG_FILES    = 
  CONFIG_HEADERS  = 
  CONFIG_LINKS    = 
  CONFIG_COMMANDS = 
  $ ./config.status src/Makefile

on Bass-MacBook-Pro-3.local

config.status:751: creating src/Makefile

## ---------------------- ##
## Running config.status. ##
## ---------------------- ##

This file was extended by AeoLiS config.status 0.1, which was
generated by GNU Autoconf 2.69.  Invocation command line was

  CONFIG_FILES    = 
  CONFIG_HEADERS  = 
  CONFIG_LINKS    = 
  CONFIG_COMMANDS = 
  $ ./config.status Makefile

on Bass-MacBook-Pro-3.local

config.status:751: creating Makefile

## ---------------------- ##
## Running config.status. ##
## ---------------------- ##

This file was extended by AeoLiS config.status 0.1, which was
generated by GNU Autoconf 2.69.  Invocation command line was

  CONFIG_FILES    = 
  CONFIG_HEADERS  = 
  CONFIG_LINKS    = 
  CONFIG_COMMANDS = 
  $ ./config.status src/Makefile

on Bass-MacBook-Pro-3.local

config.status:751: creating src/Makefile

## ---------------------- ##
## Running config.status. ##
## ---------------------- ##

This file was extended by AeoLiS config.status 0.1, which was
generated by GNU Autoconf 2.69.  Invocation command line was

  CONFIG_FILES    = 
  CONFIG_HEADERS  = 
  CONFIG_LINKS    = 
  CONFIG_COMMANDS = 
  $ ./config.status src/Makefile

on Bass-MacBook-Pro-3.local

config.status:751: creating src/Makefile

## ---------------------- ##
## Running config.status. ##
## ---------------------- ##

This file was extended by AeoLiS config.status 0.1, which was
generated by GNU Autoconf 2.69.  Invocation command line was

  CONFIG_FILES    = 
  CONFIG_HEADERS  = 
  CONFIG_LINKS    = 
  CONFIG_COMMANDS = 
  $ ./config.status Makefile

on Bass-MacBook-Pro-3.local

config.status:751: creating Makefile

## ---------------------- ##
## Running config.status. ##
## ---------------------- ##

This file was extended by AeoLiS config.status 0.1, which was
generated by GNU Autoconf 2.69.  Invocation command line was

  CONFIG_FILES    = 
  CONFIG_HEADERS  = 
  CONFIG_LINKS    = 
  CONFIG_COMMANDS = 
  $ ./config.status src/Makefile

on Bass-MacBook-Pro-3.local

config.status:751: creating src/Makefile

## ---------------------- ##
## Running config.status. ##
## ---------------------- ##

This file was extended by AeoLiS config.status 0.1, which was
generated by GNU Autoconf 2.69.  Invocation command line was

  CONFIG_FILES    = 
  CONFIG_HEADERS  = 
  CONFIG_LINKS    = 
  CONFIG_COMMANDS = 
  $ ./config.status src/Makefile

on Bass-MacBook-Pro-3.local

config.status:751: creating src/Makefile

## ---------------------- ##
## Running config.status. ##
## ---------------------- ##

This file was extended by AeoLiS config.status 0.1, which was
generated by GNU Autoconf 2.69.  Invocation command line was

  CONFIG_FILES    = 
  CONFIG_HEADERS  = 
  CONFIG_LINKS    = 
  CONFIG_COMMANDS = 
  $ ./config.status Makefile

on Bass-MacBook-Pro-3.local

config.status:751: creating Makefile

## ---------------------- ##
## Running config.status. ##
## ---------------------- ##

This file was extended by AeoLiS config.status 0.1, which was
generated by GNU Autoconf 2.69.  Invocation command line was

  CONFIG_FILES    = 
  CONFIG_HEADERS  = 
  CONFIG_LINKS    = 
  CONFIG_COMMANDS = 
  $ ./config.status src/Makefile

on Bass-MacBook-Pro-3.local

config.status:751: creating src/Makefile

## ---------------------- ##
## Running config.status. ##
## ---------------------- ##

This file was extended by AeoLiS config.status 0.1, which was
generated by GNU Autoconf 2.69.  Invocation command line was

  CONFIG_FILES    = 
  CONFIG_HEADERS  = 
  CONFIG_LINKS    = 
  CONFIG_COMMANDS = 
  $ ./config.status src/Makefile

on Bass-MacBook-Pro-3.local

config.status:751: creating src/Makefile

## ---------------------- ##
## Running config.status. ##
## ---------------------- ##

This file was extended by AeoLiS config.status 0.1, which was
generated by GNU Autoconf 2.69.  Invocation command line was

  CONFIG_FILES    = 
  CONFIG_HEADERS  = 
  CONFIG_LINKS    = 
  CONFIG_COMMANDS = 
  $ ./config.status Makefile

on Bass-MacBook-Pro-3.local

config.status:751: creating Makefile

## ---------------------- ##
## Running config.status. ##
## ---------------------- ##

This file was extended by AeoLiS config.status 0.1, which was
generated by GNU Autoconf 2.69.  Invocation command line was

  CONFIG_FILES    = 
  CONFIG_HEADERS  = 
  CONFIG_LINKS    = 
  CONFIG_COMMANDS = 
  $ ./config.status src/Makefile

on Bass-MacBook-Pro-3.local

config.status:751: creating src/Makefile

## ---------------------- ##
## Running config.status. ##
## ---------------------- ##

This file was extended by AeoLiS config.status 0.1, which was
generated by GNU Autoconf 2.69.  Invocation command line was

  CONFIG_FILES    = 
  CONFIG_HEADERS  = 
  CONFIG_LINKS    = 
  CONFIG_COMMANDS = 
  $ ./config.status Makefile

on Bass-MacBook-Pro-3.local

config.status:751: creating Makefile

## ---------------------- ##
## Running config.status. ##
## ---------------------- ##

This file was extended by AeoLiS config.status 0.1, which was
generated by GNU Autoconf 2.69.  Invocation command line was

  CONFIG_FILES    = 
  CONFIG_HEADERS  = 
  CONFIG_LINKS    = 
  CONFIG_COMMANDS = 
  $ ./config.status src/Makefile

on Bass-MacBook-Pro-3.local

config.status:751: creating src/Makefile

## ---------------------- ##
## Running config.status. ##
## ---------------------- ##

This file was extended by AeoLiS config.status 0.1, which was
generated by GNU Autoconf 2.69.  Invocation command line was

  CONFIG_FILES    = 
  CONFIG_HEADERS  = 
  CONFIG_LINKS    = 
  CONFIG_COMMANDS = 
  $ ./config.status src/Makefile

on Bass-MacBook-Pro-3.local

config.status:751: creating src/Makefile

## ---------------------- ##
## Running config.status. ##
## ---------------------- ##

This file was extended by AeoLiS config.status 0.1, which was
generated by GNU Autoconf 2.69.  Invocation command line was

  CONFIG_FILES    = 
  CONFIG_HEADERS  = 
  CONFIG_LINKS    = 
  CONFIG_COMMANDS = 
  $ ./config.status src/Makefile

on Bass-MacBook-Pro-3.local

config.status:751: creating src/Makefile

## ---------------------- ##
## Running config.status. ##
## ---------------------- ##

This file was extended by AeoLiS config.status 0.1, which was
generated by GNU Autoconf 2.69.  Invocation command line was

  CONFIG_FILES    = 
  CONFIG_HEADERS  = 
  CONFIG_LINKS    = 
  CONFIG_COMMANDS = 
  $ ./config.status Makefile

on Bass-MacBook-Pro-3.local

config.status:751: creating Makefile

## ---------------------- ##
## Running config.status. ##
## ---------------------- ##

This file was extended by AeoLiS config.status 0.1, which was
generated by GNU Autoconf 2.69.  Invocation command line was

  CONFIG_FILES    = 
  CONFIG_HEADERS  = 
  CONFIG_LINKS    = 
  CONFIG_COMMANDS = 
  $ ./config.status src/Makefile

on Bass-MacBook-Pro-3.local

config.status:751: creating src/Makefile

## ---------------------- ##
## Running config.status. ##
## ---------------------- ##

This file was extended by AeoLiS config.status 0.1, which was
generated by GNU Autoconf 2.69.  Invocation command line was

  CONFIG_FILES    = 
  CONFIG_HEADERS  = 
  CONFIG_LINKS    = 
  CONFIG_COMMANDS = 
  $ ./config.status Makefile

on Bass-MacBook-Pro-3.local

config.status:751: creating Makefile

## ---------------------- ##
## Running config.status. ##
## ---------------------- ##

This file was extended by AeoLiS config.status 0.1, which was
generated by GNU Autoconf 2.69.  Invocation command line was

  CONFIG_FILES    = 
  CONFIG_HEADERS  = 
  CONFIG_LINKS    = 
  CONFIG_COMMANDS = 
  $ ./config.status src/Makefile

on Bass-MacBook-Pro-3.local

config.status:751: creating src/Makefile
